<?xml version="1.0" encoding="UTF-8"?>
<!-- Generated by org.testng.reporters.JUnitReportReporter -->
<testsuite hostname="user25" failures="0" tests="4" name="Runner.RunnerPage" time="15.964" errors="0" timestamp="2024-11-19T12:26:48 IST" skipped="0">
  <testcase classname="Runner.RunnerPage" name="runScenario" time="2.409"/>
  <testcase classname="Runner.RunnerPage" name="runScenario" time="1.911"/>
  <testcase classname="Runner.RunnerPage" name="runScenario" time="8.721"/>
  <testcase classname="Runner.RunnerPage" name="runScenario" time="2.923"/>
</testsuite> <!-- Runner.RunnerPage -->
